<?xml version="1.0" encoding="UTF-8"?>
<!-- Generated by org.testng.reporters.JUnitReportReporter -->
<testsuite hostname="DESKTOP-TNIL84B" failures="0" tests="8" name="com.ninjaalgo.runner.TestSuite" time="22.486" errors="2" timestamp="2023-11-08T20:00:18 GMT-05:00" skipped="0">
  <testcase classname="com.ninjaalgo.runner.TestSuite" name="runScenario" time="0.909"/>
  <testcase classname="com.ninjaalgo.runner.TestSuite" name="runScenario" time="7.362"/>
  <testcase classname="com.ninjaalgo.runner.TestSuite" name="runScenario" time="6.267">
    <error message="Cannot invoke &quot;org.openqa.selenium.WebDriver.get(String)&quot; because &quot;com.ninjaalgo.steps.CommonSteps.driver&quot; is null" type="java.lang.NullPointerException">
      <![CDATA[java.lang.NullPointerException: Cannot invoke "org.openqa.selenium.WebDriver.get(String)" because "com.ninjaalgo.steps.CommonSteps.driver" is null
at com.ninjaalgo.steps.CommonSteps.CreateDriver(CommonSteps.java:27)
at com.ninjaalgo.steps.CommonSteps.open_url_with_browser(CommonSteps.java:21)
at ✽.open url with "firefox" browser(classpath:com/ninjaalgo/features/BStart.feature:11)
]]>
    </error>
  </testcase> <!-- runScenario -->
  <testcase classname="com.ninjaalgo.runner.TestSuite" name="runScenario" time="4.306">
    <error message="Cannot invoke &quot;org.openqa.selenium.WebDriver.get(String)&quot; because &quot;com.ninjaalgo.steps.CommonSteps.driver&quot; is null" type="java.lang.NullPointerException">
      <![CDATA[java.lang.NullPointerException: Cannot invoke "org.openqa.selenium.WebDriver.get(String)" because "com.ninjaalgo.steps.CommonSteps.driver" is null
at com.ninjaalgo.steps.CommonSteps.CreateDriver(CommonSteps.java:27)
at com.ninjaalgo.steps.CommonSteps.open_url_with_browser(CommonSteps.java:21)
at ✽.open url with "edge" browser(classpath:com/ninjaalgo/features/BStart.feature:14)
]]>
    </error>
  </testcase> <!-- runScenario -->
  <testcase classname="com.ninjaalgo.runner.TestSuite" name="runScenario" time="0.909"/>
  <testcase classname="com.ninjaalgo.runner.TestSuite" name="runScenario" time="0.914"/>
  <testcase classname="com.ninjaalgo.runner.TestSuite" name="runScenario" time="0.909"/>
  <testcase classname="com.ninjaalgo.runner.TestSuite" name="runScenario" time="0.910"/>
</testsuite> <!-- com.ninjaalgo.runner.TestSuite -->
