<?xml version="1.0" encoding="UTF-8"?>
<testng-results ignored="0" total="3" passed="2" failed="0" skipped="1">
  <reporter-output>
  </reporter-output>
  <suite started-at="2023-11-18T15:35:16 GMT-05:00" name="Parallel test suite" finished-at="2023-11-18T15:35:22 GMT-05:00" duration-ms="6451">
    <groups>
    </groups>
    <test started-at="2023-11-18T15:35:16 GMT-05:00" name="Test" finished-at="2023-11-18T15:35:22 GMT-05:00" duration-ms="6451">
      <class name="com.ninjaalgo.runner.DDPythonArrayTestCase">
        <test-method is-config="true" signature="setup(java.lang.String,java.lang.String,java.lang.String)[pri:0, instance:com.ninjaalgo.runner.DDPythonArrayTestCase@f5958c9]" started-at="2023-11-18T15:35:16 GMT-05:00" name="setup" finished-at="2023-11-18T15:35:19 GMT-05:00" duration-ms="2601" status="FAIL">
          <params>
            <param index="0">
              <value>
                <![CDATA[https://dsportalapp.herokuapp.com/login]]>
              </value>
            </param>
            <param index="1">
              <value>
                <![CDATA[/src/test/resources/TestData/TestData.xlsx]]>
              </value>
            </param>
            <param index="2">
              <value>
                <![CDATA[chrome]]>
              </value>
            </param>
          </params>
          <exception class="java.lang.NullPointerException">
            <message>
              <![CDATA[Cannot invoke "org.openqa.selenium.WebDriver.get(String)" because "this.driver" is null]]>
            </message>
            <full-stacktrace>
              <![CDATA[java.lang.NullPointerException: Cannot invoke "org.openqa.selenium.WebDriver.get(String)" because "this.driver" is null
at com.ninjaalgo.runner.DDPythonArrayTestCase.setup(DDPythonArrayTestCase.java:44)
at java.base/jdk.internal.reflect.DirectMethodHandleAccessor.invoke(DirectMethodHandleAccessor.java:104)
at java.base/java.lang.reflect.Method.invoke(Method.java:578)
at org.testng.internal.invokers.MethodInvocationHelper.invokeMethod(MethodInvocationHelper.java:139)
at org.testng.internal.invokers.MethodInvocationHelper.invokeMethodConsideringTimeout(MethodInvocationHelper.java:69)
at org.testng.internal.invokers.ConfigInvoker.invokeConfigurationMethod(ConfigInvoker.java:390)
at org.testng.internal.invokers.ConfigInvoker.invokeConfigurations(ConfigInvoker.java:325)
at org.testng.internal.invokers.TestMethodWorker.invokeBeforeClassMethods(TestMethodWorker.java:180)
at org.testng.internal.invokers.TestMethodWorker.run(TestMethodWorker.java:122)
at java.base/java.util.concurrent.ThreadPoolExecutor.runWorker(ThreadPoolExecutor.java:1144)
at java.base/java.util.concurrent.ThreadPoolExecutor$Worker.run(ThreadPoolExecutor.java:642)
at java.base/java.lang.Thread.run(Thread.java:1623)
]]>
            </full-stacktrace>
          </exception> <!-- java.lang.NullPointerException -->
          <reporter-output>
          </reporter-output>
        </test-method> <!-- setup -->
        <test-method signature="LoginValidity(java.lang.String,java.lang.String)[pri:0, instance:com.ninjaalgo.runner.DDPythonArrayTestCase@f5958c9]" started-at="2023-11-18T15:35:20 GMT-05:00" name="LoginValidity" data-provider="ds" finished-at="2023-11-18T15:35:20 GMT-05:00" duration-ms="0" status="SKIP">
          <params>
            <param index="0">
              <value>
                <![CDATA[def search(input_list, num):
output = 'Number is Not Found'
for x in input_list:
if x == num:
output = 'Number is found'
print(str(num) + ' is '+output)
input_list=[12,23,45,56,67]
num=564
search(input_list,num)
]]>
              </value>
            </param>
            <param index="1">
              <value>
                <![CDATA[564 is Number is Not Found]]>
              </value>
            </param>
          </params>
          <exception class="java.lang.NullPointerException">
            <message>
              <![CDATA[Cannot invoke "org.openqa.selenium.WebDriver.get(String)" because "this.driver" is null]]>
            </message>
            <full-stacktrace>
              <![CDATA[java.lang.NullPointerException: Cannot invoke "org.openqa.selenium.WebDriver.get(String)" because "this.driver" is null
at com.ninjaalgo.runner.DDPythonArrayTestCase.setup(DDPythonArrayTestCase.java:44)
at java.base/jdk.internal.reflect.DirectMethodHandleAccessor.invoke(DirectMethodHandleAccessor.java:104)
at java.base/java.lang.reflect.Method.invoke(Method.java:578)
at org.testng.internal.invokers.MethodInvocationHelper.invokeMethod(MethodInvocationHelper.java:139)
at org.testng.internal.invokers.MethodInvocationHelper.invokeMethodConsideringTimeout(MethodInvocationHelper.java:69)
at org.testng.internal.invokers.ConfigInvoker.invokeConfigurationMethod(ConfigInvoker.java:390)
at org.testng.internal.invokers.ConfigInvoker.invokeConfigurations(ConfigInvoker.java:325)
at org.testng.internal.invokers.TestMethodWorker.invokeBeforeClassMethods(TestMethodWorker.java:180)
at org.testng.internal.invokers.TestMethodWorker.run(TestMethodWorker.java:122)
at java.base/java.util.concurrent.ThreadPoolExecutor.runWorker(ThreadPoolExecutor.java:1144)
at java.base/java.util.concurrent.ThreadPoolExecutor$Worker.run(ThreadPoolExecutor.java:642)
at java.base/java.lang.Thread.run(Thread.java:1623)
]]>
            </full-stacktrace>
          </exception> <!-- java.lang.NullPointerException -->
          <reporter-output>
          </reporter-output>
        </test-method> <!-- LoginValidity -->
        <test-method is-config="true" signature="afterClass()[pri:0, instance:com.ninjaalgo.runner.DDPythonArrayTestCase@f5958c9]" started-at="2023-11-18T15:35:20 GMT-05:00" name="afterClass" finished-at="2023-11-18T15:35:20 GMT-05:00" duration-ms="0" status="SKIP">
          <reporter-output>
          </reporter-output>
        </test-method> <!-- afterClass -->
      </class> <!-- com.ninjaalgo.runner.DDPythonArrayTestCase -->
      <class name="com.ninjaalgo.runner.DDLoginTestCase">
        <test-method is-config="true" signature="setup(java.lang.String,java.lang.String,java.lang.String)[pri:0, instance:com.ninjaalgo.runner.DDLoginTestCase@217ed35e]" started-at="2023-11-18T15:35:16 GMT-05:00" name="setup" finished-at="2023-11-18T15:35:21 GMT-05:00" duration-ms="4823" status="PASS">
          <params>
            <param index="0">
              <value>
                <![CDATA[https://dsportalapp.herokuapp.com/login]]>
              </value>
            </param>
            <param index="1">
              <value>
                <![CDATA[/src/test/resources/TestData/TestData.xlsx]]>
              </value>
            </param>
            <param index="2">
              <value>
                <![CDATA[chrome]]>
              </value>
            </param>
          </params>
          <reporter-output>
          </reporter-output>
        </test-method> <!-- setup -->
        <test-method signature="LoginValidity(java.lang.String,java.lang.String,java.lang.String)[pri:0, instance:com.ninjaalgo.runner.DDLoginTestCase@217ed35e]" started-at="2023-11-18T15:35:21 GMT-05:00" name="LoginValidity" data-provider="ds" finished-at="2023-11-18T15:35:22 GMT-05:00" duration-ms="591" status="PASS">
          <params>
            <param index="0">
              <value>
                <![CDATA[NinjaAlgo1]]>
              </value>
            </param>
            <param index="1">
              <value>
                <![CDATA[@Algo3]]>
              </value>
            </param>
            <param index="2">
              <value>
                <![CDATA[login]]>
              </value>
            </param>
          </params>
          <reporter-output>
          </reporter-output>
        </test-method> <!-- LoginValidity -->
        <test-method signature="LoginValidity(java.lang.String,java.lang.String,java.lang.String)[pri:0, instance:com.ninjaalgo.runner.DDLoginTestCase@217ed35e]" started-at="2023-11-18T15:35:22 GMT-05:00" name="LoginValidity" data-provider="ds" finished-at="2023-11-18T15:35:22 GMT-05:00" duration-ms="575" status="PASS">
          <params>
            <param index="0">
              <value>
                <![CDATA[NinjaAlgo]]>
              </value>
            </param>
            <param index="1">
              <value>
                <![CDATA[@Algo123]]>
              </value>
            </param>
            <param index="2">
              <value>
                <![CDATA[home]]>
              </value>
            </param>
          </params>
          <reporter-output>
          </reporter-output>
        </test-method> <!-- LoginValidity -->
        <test-method is-config="true" signature="afterClass()[pri:0, instance:com.ninjaalgo.runner.DDLoginTestCase@217ed35e]" started-at="2023-11-18T15:35:22 GMT-05:00" name="afterClass" finished-at="2023-11-18T15:35:22 GMT-05:00" duration-ms="275" status="PASS">
          <reporter-output>
          </reporter-output>
        </test-method> <!-- afterClass -->
      </class> <!-- com.ninjaalgo.runner.DDLoginTestCase -->
    </test> <!-- Test -->
  </suite> <!-- Parallel test suite -->
</testng-results>
