<html>
<head>
<title>TestNG:  Test</title>
<link href="../testng.css" rel="stylesheet" type="text/css" />
<link href="../my-testng.css" rel="stylesheet" type="text/css" />

<style type="text/css">
.log { display: none;} 
.stack-trace { display: none;} 
</style>
<script type="text/javascript">
<!--
function flip(e) {
  current = e.style.display;
  if (current == 'block') {
    e.style.display = 'none';
    return 0;
  }
  else {
    e.style.display = 'block';
    return 1;
  }
}

function toggleBox(szDivId, elem, msg1, msg2)
{
  var res = -1;  if (document.getElementById) {
    res = flip(document.getElementById(szDivId));
  }
  else if (document.all) {
    // this is the way old msie versions work
    res = flip(document.all[szDivId]);
  }
  if(elem) {
    if(res == 0) elem.innerHTML = msg1; else elem.innerHTML = msg2;
  }

}

function toggleAllBoxes() {
  if (document.getElementsByTagName) {
    d = document.getElementsByTagName('div');
    for (i = 0; i < d.length; i++) {
      if (d[i].className == 'log') {
        flip(d[i]);
      }
    }
  }
}

// -->
</script>

</head>
<body>
<h2 align='center'>Test</h2><table border='1' align="center">
<tr>
<td>Tests passed/Failed/Skipped:</td><td>0/3/0</td>
</tr><tr>
<td>Started on:</td><td>Tue Nov 14 21:11:56 EST 2023</td>
</tr>
<tr><td>Total time:</td><td>11 seconds (11499 ms)</td>
</tr><tr>
<td>Included groups:</td><td></td>
</tr><tr>
<td>Excluded groups:</td><td></td>
</tr>
</table><p/>
<small><i>(Hover the method name to see the test class name)</i></small><p/>
<table width='100%' border='1' class='invocation-failed'>
<tr><td colspan='4' align='center'><b>FAILED TESTS</b></td></tr>
<tr><td><b>Test method</b></td>
<td><b>Attribute(s)</b></td>
<td width="30%"><b>Exception</b></td>
<td width="10%"><b>Time (seconds)</b></td>
<td><b>Instance</b></td>
</tr>
<tr>
<td title='com.ninjaalgo.runner.TestNGArray.runScenario()'><b>runScenario</b><br>Test class: com.ninjaalgo.runner.TestNGArray<br>Test method: Runs Cucumber Scenarios<br>Parameters: "Arrays-Using-List", "Array module"</td>
<td><div><pre>org.openqa.selenium.TimeoutException: Expected condition failed: waiting for url to match the regex &quot;https://dsportalapp.herokuapp.com/array/arrays-using-list/&quot;. Current url: &quot;https://dsportalapp.herokuapp.com/home&quot; (tried for 3 second(s) with 500 milliseconds interval)
Build info: version: &apos;4.15.0&apos;, revision: &apos;1d14b5521b&apos;
System info: os.name: &apos;Windows 11&apos;, os.arch: &apos;amd64&apos;, os.version: &apos;10.0&apos;, java.version: &apos;20.0.2&apos;
Driver info: org.openqa.selenium.edge.EdgeDriver
Capabilities {acceptInsecureCerts: false, browserName: msedge, browserVersion: 119.0.2151.58, fedcm:accounts: true, ms:edgeOptions: {debuggerAddress: localhost:60989}, msedge: {msedgedriverVersion: 119.0.2151.58 (33e26e7eb4fb..., userDataDir: C:\Users\mdesh\AppData\Loca...}, networkConnectionEnabled: false, pageLoadStrategy: normal, platformName: windows, proxy: Proxy(), se:cdp: ws://localhost:60989/devtoo..., se:cdpVersion: 119.0.2151.58, setWindowRect: true, strictFileInteractability: false, timeouts: {implicit: 0, pageLoad: 300000, script: 30000}, unhandledPromptBehavior: dismiss and notify, webauthn:extension:credBlob: true, webauthn:extension:largeBlob: true, webauthn:extension:minPinLength: true, webauthn:extension:prf: true, webauthn:virtualAuthenticators: true}
Session ID: 9c96b0f072c1b88747fce4e44460933c
	at org.openqa.selenium.support.ui.WebDriverWait.timeoutException(WebDriverWait.java:84)
	at org.openqa.selenium.support.ui.FluentWait.until(FluentWait.java:229)
	at com.ninjaalgo.utils.AllActions.DriverWaitForUrl(AllActions.java:88)
	at com.ninjaalgo.steps.CommonSteps.VerifyURl(CommonSteps.java:67)
	at com.ninjaalgo.steps.CommonSteps.verify_current_url_and(CommonSteps.java:56)
	at ✽.Verify currentUrl &quot;Array&quot; and &quot;arrays-using-list/&quot;(classpath:com/ninjaalgo/features/EArray.feature:23)
</pre></div><a href='#' onClick='toggleBox("stack-trace1216109016", this, "Click to show all stack frames", "Click to hide stack frames")'>Click to show all stack frames</a>
<div class='stack-trace' id='stack-trace1216109016'><pre>org.openqa.selenium.TimeoutException: Expected condition failed: waiting for url to match the regex &quot;https://dsportalapp.herokuapp.com/array/arrays-using-list/&quot;. Current url: &quot;https://dsportalapp.herokuapp.com/home&quot; (tried for 3 second(s) with 500 milliseconds interval)
Build info: version: &apos;4.15.0&apos;, revision: &apos;1d14b5521b&apos;
System info: os.name: &apos;Windows 11&apos;, os.arch: &apos;amd64&apos;, os.version: &apos;10.0&apos;, java.version: &apos;20.0.2&apos;
Driver info: org.openqa.selenium.edge.EdgeDriver
Capabilities {acceptInsecureCerts: false, browserName: msedge, browserVersion: 119.0.2151.58, fedcm:accounts: true, ms:edgeOptions: {debuggerAddress: localhost:60989}, msedge: {msedgedriverVersion: 119.0.2151.58 (33e26e7eb4fb..., userDataDir: C:\Users\mdesh\AppData\Loca...}, networkConnectionEnabled: false, pageLoadStrategy: normal, platformName: windows, proxy: Proxy(), se:cdp: ws://localhost:60989/devtoo..., se:cdpVersion: 119.0.2151.58, setWindowRect: true, strictFileInteractability: false, timeouts: {implicit: 0, pageLoad: 300000, script: 30000}, unhandledPromptBehavior: dismiss and notify, webauthn:extension:credBlob: true, webauthn:extension:largeBlob: true, webauthn:extension:minPinLength: true, webauthn:extension:prf: true, webauthn:virtualAuthenticators: true}
Session ID: 9c96b0f072c1b88747fce4e44460933c
	at org.openqa.selenium.support.ui.WebDriverWait.timeoutException(WebDriverWait.java:84)
	at org.openqa.selenium.support.ui.FluentWait.until(FluentWait.java:229)
	at com.ninjaalgo.utils.AllActions.DriverWaitForUrl(AllActions.java:88)
	at com.ninjaalgo.steps.CommonSteps.VerifyURl(CommonSteps.java:67)
	at com.ninjaalgo.steps.CommonSteps.verify_current_url_and(CommonSteps.java:56)
	at ✽.Verify currentUrl &quot;Array&quot; and &quot;arrays-using-list/&quot;(classpath:com/ninjaalgo/features/EArray.feature:23)
</pre></div></td>
<td>4</td>
<td>com.ninjaalgo.runner.TestNGArray@6989da5e</td></tr>
<tr>
<td title='com.ninjaalgo.runner.TestNGDataStructure.runScenario()'><b>runScenario</b><br>Test class: com.ninjaalgo.runner.TestNGDataStructure<br>Test method: Runs Cucumber Scenarios<br>Parameters: "Introduction", "DataStructure module"</td>
<td><div><pre>java.lang.NullPointerException: Cannot invoke &quot;org.openqa.selenium.WebDriver.get(String)&quot; because &quot;com.ninjaalgo.steps.CommonSteps.driver&quot; is null
	at com.ninjaalgo.steps.CommonSteps.CreateDriver(CommonSteps.java:47)
	at com.ninjaalgo.hooks.AppHooks.set_drivers(AppHooks.java:42)
</pre></div><a href='#' onClick='toggleBox("stack-trace2038092802", this, "Click to show all stack frames", "Click to hide stack frames")'>Click to show all stack frames</a>
<div class='stack-trace' id='stack-trace2038092802'><pre>java.lang.NullPointerException: Cannot invoke &quot;org.openqa.selenium.WebDriver.get(String)&quot; because &quot;com.ninjaalgo.steps.CommonSteps.driver&quot; is null
	at com.ninjaalgo.steps.CommonSteps.CreateDriver(CommonSteps.java:47)
	at com.ninjaalgo.hooks.AppHooks.set_drivers(AppHooks.java:42)
</pre></div></td>
<td>4</td>
<td>com.ninjaalgo.runner.TestNGDataStructure@44c03695</td></tr>
<tr>
<td title='com.ninjaalgo.runner.TestNGArray.runScenario()'><b>runScenario</b><br>Test class: com.ninjaalgo.runner.TestNGArray<br>Test method: Runs Cucumber Scenarios<br>Parameters: "ArraysinPython", "Array module"</td>
<td><div><pre>java.lang.NullPointerException: Cannot invoke &quot;org.openqa.selenium.WebDriver.get(String)&quot; because &quot;com.ninjaalgo.steps.CommonSteps.driver&quot; is null
	at com.ninjaalgo.steps.CommonSteps.CreateDriver(CommonSteps.java:47)
	at com.ninjaalgo.hooks.AppHooks.set_drivers(AppHooks.java:42)
</pre></div><a href='#' onClick='toggleBox("stack-trace283844176", this, "Click to show all stack frames", "Click to hide stack frames")'>Click to show all stack frames</a>
<div class='stack-trace' id='stack-trace283844176'><pre>java.lang.NullPointerException: Cannot invoke &quot;org.openqa.selenium.WebDriver.get(String)&quot; because &quot;com.ninjaalgo.steps.CommonSteps.driver&quot; is null
	at com.ninjaalgo.steps.CommonSteps.CreateDriver(CommonSteps.java:47)
	at com.ninjaalgo.hooks.AppHooks.set_drivers(AppHooks.java:42)
</pre></div></td>
<td>6</td>
<td>com.ninjaalgo.runner.TestNGArray@6989da5e</td></tr>
</table><p>
</body>
</html>