<?xml version="1.0" encoding="UTF-8"?>
<!-- Generated by org.testng.reporters.JUnitXMLReporter -->
<testsuite ignored="0" hostname="DESKTOP-TNIL84B" failures="1" tests="9" name="Test" time="42.969" errors="0" timestamp="2023-11-08T16:34:53 GMT-05:00">
  <testcase classname="com.ninjaalgo.runner.DDLoginTestCase" name="@BeforeClass setup" time="-1.699479250335E9">
    <failure type="org.testng.TestNGException" message="
Parameter &amp;apos;url&amp;apos; is required by BeforeClass on method setup but has not been marked @Optional or defined
in C:\Users\mdesh\git\LocalNinjaalgoproject\ninjaalgoproject\TestSuite.xml">
      <![CDATA[org.testng.TestNGException: 
Parameter 'url' is required by BeforeClass on method setup but has not been marked @Optional or defined
in C:\Users\mdesh\git\LocalNinjaalgoproject\ninjaalgoproject\TestSuite.xml
at java.base/java.util.ArrayList.forEach(ArrayList.java:1511)
... Removed 22 stack frames]]>
    </failure>
  </testcase> <!-- @BeforeClass setup -->
  <testcase classname="com.ninjaalgo.runner.DDLoginTestCase" name="@AfterClass afterClass" time="0.0">
    <skipped/>
  </testcase> <!-- @AfterClass afterClass -->
  <testcase classname="com.ninjaalgo.runner.DDLoginTestCase" name="LoginValidity" time="0.0">
    <failure type="java.lang.RuntimeException" message="java.lang.NullPointerException: Cannot invoke &amp;quot;com.ninjaalgo.utils.XLUtility.GetLastRow(String)&amp;quot; because &amp;quot;this.xlutil&amp;quot; is null">
      <![CDATA[java.lang.RuntimeException: java.lang.NullPointerException: Cannot invoke "com.ninjaalgo.utils.XLUtility.GetLastRow(String)" because "this.xlutil" is null
at java.base/java.util.ArrayList.forEach(ArrayList.java:1511)
Caused by: java.lang.NullPointerException: Cannot invoke "com.ninjaalgo.utils.XLUtility.GetLastRow(String)" because "this.xlutil" is null
at com.ninjaalgo.runner.DDLoginTestCase.GetXmlData(DDLoginTestCase.java:85)
at com.ninjaalgo.runner.DDLoginTestCase.loginData(DDLoginTestCase.java:39)
... 25 more
... Removed 30 stack frames]]>
    </failure>
  </testcase> <!-- LoginValidity -->
  <testcase classname="io.cucumber.testng.AbstractTestNGCucumberTests" name="runScenario" time="5.856"/>
  <testcase classname="io.cucumber.testng.AbstractTestNGCucumberTests" name="runScenario" time="5.252"/>
  <testcase classname="io.cucumber.testng.AbstractTestNGCucumberTests" name="runScenario" time="7.996"/>
  <testcase classname="io.cucumber.testng.AbstractTestNGCucumberTests" name="runScenario" time="2.977"/>
  <testcase classname="io.cucumber.testng.AbstractTestNGCucumberTests" name="runScenario" time="1.828"/>
  <testcase classname="io.cucumber.testng.AbstractTestNGCucumberTests" name="runScenario" time="2.779"/>
  <testcase classname="io.cucumber.testng.AbstractTestNGCucumberTests" name="runScenario" time="10.584"/>
  <testcase classname="io.cucumber.testng.AbstractTestNGCucumberTests" name="runScenario" time="4.841"/>
</testsuite> <!-- Test -->
