[INFO ]2023-11-2218:42:27.973[main]com.ninjaalgo.utils.LoggerLoad1)-<=====Test For For chrome browser is : PASSED
[INFO ]2023-11-2218:42:28.753[main]com.ninjaalgo.utils.LoggerLoad1)-<=====Test For Get Started is : PASSED
[INFO ]2023-11-2218:42:29.769[main]com.ninjaalgo.utils.LoggerLoad1)-<=====Test For Login Credentials is : PASSED
[INFO ]2023-11-2218:42:34.488[main]com.ninjaalgo.utils.LoggerLoad1)-<=====Test For Login Credentials is : PASSED
[INFO ]2023-11-2218:42:36.415[main]com.ninjaalgo.utils.LoggerLoad1)-<=====Test For Introduction is : PASSED
[ERROR]2023-11-2218:42:36.415[main]com.ninjaalgo.utils.LoggerLoad1)-<=====Bug Reported on data structure question page. No questions found on the page. Test Case: Introduction is : PASSED
[INFO ]2023-11-2218:42:46.933[main]com.ninjaalgo.utils.LoggerLoad1)-<=====Test For Try here>>>  is Passed. Output is: 564 is Number is Not Found
[INFO ]2023-11-2218:42:47.666[main]com.ninjaalgo.utils.LoggerLoad1)-<=====Test For ArraysinPython is : PASSED
[INFO ]2023-11-2218:42:52.420[main]com.ninjaalgo.utils.LoggerLoad1)-<=====Test For Arrays-Using-List is : PASSED
[INFO ]2023-11-2218:42:53.204[main]com.ninjaalgo.utils.LoggerLoad1)-<=====Test For SignOut is : PASSED
[INFO ]2023-11-2218:44:35.245[main]com.ninjaalgo.utils.LoggerLoad1)-<=====Test For For chrome browser is : PASSED
[INFO ]2023-11-2218:44:36.902[main]com.ninjaalgo.utils.LoggerLoad1)-<=====Test For Get Started is : PASSED
[INFO ]2023-11-2218:44:37.774[main]com.ninjaalgo.utils.LoggerLoad1)-<=====Test For Login Credentials is : PASSED
[INFO ]2023-11-2218:44:42.396[main]com.ninjaalgo.utils.LoggerLoad1)-<=====Test For Login Credentials is : PASSED
[INFO ]2023-11-2218:44:43.993[main]com.ninjaalgo.utils.LoggerLoad1)-<=====Test For Introduction is : PASSED
[ERROR]2023-11-2218:44:43.993[main]com.ninjaalgo.utils.LoggerLoad1)-<=====Bug Reported on data structure question page. No questions found on the page. Test Case: Introduction is : PASSED
[INFO ]2023-11-2218:44:55.440[main]com.ninjaalgo.utils.LoggerLoad1)-<=====Test For Try here>>>  is Passed. Output is: 564 is Number is Not Found
[INFO ]2023-11-2218:44:55.794[main]com.ninjaalgo.utils.LoggerLoad1)-<=====Test For ArraysinPython is : PASSED
[INFO ]2023-11-2218:45:01.332[main]com.ninjaalgo.utils.LoggerLoad1)-<=====Test For Arrays-Using-List is : PASSED
[INFO ]2023-11-2218:45:02.303[main]com.ninjaalgo.utils.LoggerLoad1)-<=====Test For SignOut is : PASSED
[INFO ]2023-11-2218:47:52.589[main]com.ninjaalgo.utils.LoggerLoad1)-<=====Test For For chrome browser is : PASSED
[INFO ]2023-11-2218:47:53.041[main]com.ninjaalgo.utils.LoggerLoad1)-<=====Test For Get Started is : PASSED
[INFO ]2023-11-2218:47:53.738[main]com.ninjaalgo.utils.LoggerLoad1)-<=====Test For Login Credentials is : PASSED
[INFO ]2023-11-2218:47:58.561[main]com.ninjaalgo.utils.LoggerLoad1)-<=====Test For Login Credentials is : PASSED
[INFO ]2023-11-2218:48:00.781[main]com.ninjaalgo.utils.LoggerLoad1)-<=====Test For Introduction is : PASSED
[ERROR]2023-11-2218:48:00.781[main]com.ninjaalgo.utils.LoggerLoad1)-<=====Bug Reported on data structure question page. No questions found on the page. Test Case: Introduction is : PASSED
[INFO ]2023-11-2218:48:11.336[main]com.ninjaalgo.utils.LoggerLoad1)-<=====Test For Try here>>>  is Passed. Output is: 564 is Number is Not Found
[INFO ]2023-11-2218:48:11.605[main]com.ninjaalgo.utils.LoggerLoad1)-<=====Test For ArraysinPython is : PASSED
[INFO ]2023-11-2218:48:16.522[main]com.ninjaalgo.utils.LoggerLoad1)-<=====Test For Arrays-Using-List is : PASSED
[INFO ]2023-11-2218:48:17.432[main]com.ninjaalgo.utils.LoggerLoad1)-<=====Test For SignOut is : PASSED
[INFO ]2023-11-2218:49:30.999[main]com.ninjaalgo.utils.LoggerLoad1)-<=====Test For For chrome browser is : PASSED
[INFO ]2023-11-2218:49:31.622[main]com.ninjaalgo.utils.LoggerLoad1)-<=====Test For Get Started is : PASSED
[INFO ]2023-11-2218:49:32.424[main]com.ninjaalgo.utils.LoggerLoad1)-<=====Test For Login Credentials is : PASSED
[INFO ]2023-11-2218:49:37.147[main]com.ninjaalgo.utils.LoggerLoad1)-<=====Test For Login Credentials is : PASSED
[INFO ]2023-11-2218:49:38.888[main]com.ninjaalgo.utils.LoggerLoad1)-<=====Test For Introduction is : PASSED
[ERROR]2023-11-2218:49:38.888[main]com.ninjaalgo.utils.LoggerLoad1)-<=====Bug Reported on data structure question page. No questions found on the page. Test Case: Introduction is : PASSED
[INFO ]2023-11-2218:49:49.586[main]com.ninjaalgo.utils.LoggerLoad1)-<=====Test For Try here>>>  is Passed. Output is: 564 is Number is Not Found
[INFO ]2023-11-2218:49:49.906[main]com.ninjaalgo.utils.LoggerLoad1)-<=====Test For ArraysinPython is : PASSED
[INFO ]2023-11-2218:49:54.754[main]com.ninjaalgo.utils.LoggerLoad1)-<=====Test For Arrays-Using-List is : PASSED
[INFO ]2023-11-2218:49:55.650[main]com.ninjaalgo.utils.LoggerLoad1)-<=====Test For SignOut is : PASSED
[INFO ]2023-11-2218:52:30.963[main]com.ninjaalgo.utils.LoggerLoad1)-<=====Test For For chrome browser is : PASSED
[INFO ]2023-11-2218:52:31.839[main]com.ninjaalgo.utils.LoggerLoad1)-<=====Test For Get Started is : PASSED
[INFO ]2023-11-2218:52:32.640[main]com.ninjaalgo.utils.LoggerLoad1)-<=====Test For Login Credentials is : PASSED
[INFO ]2023-11-2218:52:37.651[main]com.ninjaalgo.utils.LoggerLoad1)-<=====Test For Login Credentials is : PASSED
[INFO ]2023-11-2218:52:39.830[main]com.ninjaalgo.utils.LoggerLoad1)-<=====Test For Introduction is : PASSED
[ERROR]2023-11-2218:52:39.831[main]com.ninjaalgo.utils.LoggerLoad1)-<=====Bug Reported on data structure question page. No questions found on the page. Test Case: Introduction is : PASSED
[INFO ]2023-11-2218:54:22.168[main]com.ninjaalgo.utils.LoggerLoad1)-<=====Test For For chrome browser is : PASSED
[INFO ]2023-11-2218:54:22.629[main]com.ninjaalgo.utils.LoggerLoad1)-<=====Test For Get Started is : PASSED
[INFO ]2023-11-2218:54:23.328[main]com.ninjaalgo.utils.LoggerLoad1)-<=====Test For Login Credentials is : PASSED
[INFO ]2023-11-2218:54:28.070[main]com.ninjaalgo.utils.LoggerLoad1)-<=====Test For Login Credentials is : PASSED
[INFO ]2023-11-2218:54:29.717[main]com.ninjaalgo.utils.LoggerLoad1)-<=====Test For Introduction is : PASSED
[ERROR]2023-11-2218:54:29.717[main]com.ninjaalgo.utils.LoggerLoad1)-<=====Bug Reported on data structure question page. No questions found on the page. Test Case: Introduction is : PASSED
[INFO ]2023-11-2218:54:38.806[main]com.ninjaalgo.utils.LoggerLoad1)-<=====Test For Try here>>>  is Passed. Output is: 564 is Number is Not Found
[INFO ]2023-11-2218:54:39.718[main]com.ninjaalgo.utils.LoggerLoad1)-<=====Test For ArraysinPython is : PASSED
[INFO ]2023-11-2218:54:44.569[main]com.ninjaalgo.utils.LoggerLoad1)-<=====Test For Arrays-Using-List is : PASSED
[INFO ]2023-11-2218:54:45.452[main]com.ninjaalgo.utils.LoggerLoad1)-<=====Test For SignOut is : PASSED
[INFO ]2023-11-2218:59:07.275[main]com.ninjaalgo.utils.LoggerLoad1)-<=====Test For For chrome browser is : PASSED
[INFO ]2023-11-2218:59:08.117[main]com.ninjaalgo.utils.LoggerLoad1)-<=====Test For Get Started is : PASSED
[INFO ]2023-11-2218:59:08.973[main]com.ninjaalgo.utils.LoggerLoad1)-<=====Test For Login Credentials is : PASSED
[INFO ]2023-11-2218:59:13.658[main]com.ninjaalgo.utils.LoggerLoad1)-<=====Test For Login Credentials is : PASSED
[INFO ]2023-11-2218:59:15.393[main]com.ninjaalgo.utils.LoggerLoad1)-<=====Test For Introduction is : PASSED
[ERROR]2023-11-2218:59:15.393[main]com.ninjaalgo.utils.LoggerLoad1)-<=====Bug Reported on data structure question page. No questions found on the page. Test Case: Introduction is : PASSED
[INFO ]2023-11-2218:59:23.980[main]com.ninjaalgo.utils.LoggerLoad1)-<=====Test For Try here>>>  is Passed. Output is: 564 is Number is Not Found
[INFO ]2023-11-2218:59:24.380[main]com.ninjaalgo.utils.LoggerLoad1)-<=====Test For ArraysinPython is : PASSED
[INFO ]2023-11-2218:59:29.247[main]com.ninjaalgo.utils.LoggerLoad1)-<=====Test For Arrays-Using-List is : PASSED
[INFO ]2023-11-2218:59:30.024[main]com.ninjaalgo.utils.LoggerLoad1)-<=====Test For SignOut is : PASSED
[INFO ]2023-11-2218:59:34.000[main]com.ninjaalgo.utils.LoggerLoad1)-<=====Test For For chrome browser is : PASSED
[INFO ]2023-11-2218:59:34.372[main]com.ninjaalgo.utils.LoggerLoad1)-<=====Test For Get Started is : PASSED
[INFO ]2023-11-2218:59:35.029[main]com.ninjaalgo.utils.LoggerLoad1)-<=====Test For Login Credentials is : PASSED
[INFO ]2023-11-2218:59:39.958[main]com.ninjaalgo.utils.LoggerLoad1)-<=====Test For Login Credentials is : PASSED
[INFO ]2023-11-2218:59:51.021[main]com.ninjaalgo.utils.LoggerLoad1)-<=====Test For Try here>>>  is Passed. Output is: 564 is Number is Not Found
[INFO ]2023-11-2218:59:51.879[main]com.ninjaalgo.utils.LoggerLoad1)-<=====Test For ArraysinPythonSuite is : PASSED
[INFO ]2023-11-2218:59:56.195[main]com.ninjaalgo.utils.LoggerLoad1)-<=====Test For For edge browser is : PASSED
[INFO ]2023-11-2218:59:56.587[main]com.ninjaalgo.utils.LoggerLoad1)-<=====Test For Get Started is : PASSED
[INFO ]2023-11-2218:59:57.383[main]com.ninjaalgo.utils.LoggerLoad1)-<=====Test For Login Credentials is : PASSED
[INFO ]2023-11-2219:00:02.105[main]com.ninjaalgo.utils.LoggerLoad1)-<=====Test For Login Credentials is : PASSED
[INFO ]2023-11-2219:00:12.754[main]com.ninjaalgo.utils.LoggerLoad1)-<=====Test For Try here>>>  is Passed. Output is: 564 is Number is Not Found
[INFO ]2023-11-2219:00:13.792[main]com.ninjaalgo.utils.LoggerLoad1)-<=====Test For ArraysinPythonSuite is : PASSED
[INFO ]2023-11-2219:00:27.836[TestNG-PoolService-0]com.ninjaalgo.utils.LoggerLoad1)-<=====Test For dataparallelsce1 is : PASSED
[INFO ]2023-11-2219:00:32.847[TestNG-PoolService-1]com.ninjaalgo.utils.LoggerLoad1)-<=====Test For Try here>>>  is Passed. Output is: 564 is Number is Not Found
[INFO ]2023-11-2219:00:33.637[TestNG-PoolService-1]com.ninjaalgo.utils.LoggerLoad1)-<=====Test For arrayparallelsce1 is : PASSED
[INFO ]2023-11-2219:07:27.293[main]com.ninjaalgo.utils.LoggerLoad1)-<=====Test For For chrome browser is : PASSED
[INFO ]2023-11-2219:07:27.806[main]com.ninjaalgo.utils.LoggerLoad1)-<=====Test For Get Started is : PASSED
[INFO ]2023-11-2219:07:28.908[main]com.ninjaalgo.utils.LoggerLoad1)-<=====Test For Login Credentials is : PASSED
[INFO ]2023-11-2219:07:33.712[main]com.ninjaalgo.utils.LoggerLoad1)-<=====Test For Login Credentials is : PASSED
[INFO ]2023-11-2219:07:35.640[main]com.ninjaalgo.utils.LoggerLoad1)-<=====Test For Introduction is : PASSED
[ERROR]2023-11-2219:07:35.641[main]com.ninjaalgo.utils.LoggerLoad1)-<=====Bug Reported on data structure question page. No questions found on the page. Test Case: Introduction is : PASSED
[INFO ]2023-11-2219:07:47.464[main]com.ninjaalgo.utils.LoggerLoad1)-<=====Test For Try here>>>  is Passed. Output is: 564 is Number is Not Found
[INFO ]2023-11-2219:07:47.904[main]com.ninjaalgo.utils.LoggerLoad1)-<=====Test For ArraysinPython is : PASSED
[INFO ]2023-11-2219:07:53.267[main]com.ninjaalgo.utils.LoggerLoad1)-<=====Test For Arrays-Using-List is : PASSED
[INFO ]2023-11-2219:07:54.137[main]com.ninjaalgo.utils.LoggerLoad1)-<=====Test For SignOut is : PASSED
[INFO ]2023-11-2219:07:58.539[main]com.ninjaalgo.utils.LoggerLoad1)-<=====Test For For chrome browser is : PASSED
[INFO ]2023-11-2219:07:59.056[main]com.ninjaalgo.utils.LoggerLoad1)-<=====Test For Get Started is : PASSED
[INFO ]2023-11-2219:07:59.725[main]com.ninjaalgo.utils.LoggerLoad1)-<=====Test For Login Credentials is : PASSED
[INFO ]2023-11-2219:08:04.667[main]com.ninjaalgo.utils.LoggerLoad1)-<=====Test For Login Credentials is : PASSED
[INFO ]2023-11-2219:08:15.396[main]com.ninjaalgo.utils.LoggerLoad1)-<=====Test For Try here>>>  is Passed. Output is: 564 is Number is Not Found
[INFO ]2023-11-2219:08:16.721[main]com.ninjaalgo.utils.LoggerLoad1)-<=====Test For ArraysinPythonSuite is : PASSED
[INFO ]2023-11-2219:08:21.511[main]com.ninjaalgo.utils.LoggerLoad1)-<=====Test For For edge browser is : PASSED
[INFO ]2023-11-2219:08:21.984[main]com.ninjaalgo.utils.LoggerLoad1)-<=====Test For Get Started is : PASSED
[INFO ]2023-11-2219:08:22.802[main]com.ninjaalgo.utils.LoggerLoad1)-<=====Test For Login Credentials is : PASSED
[INFO ]2023-11-2219:08:27.639[main]com.ninjaalgo.utils.LoggerLoad1)-<=====Test For Login Credentials is : PASSED
[INFO ]2023-11-2219:08:38.544[main]com.ninjaalgo.utils.LoggerLoad1)-<=====Test For Try here>>>  is Passed. Output is: 564 is Number is Not Found
[INFO ]2023-11-2219:08:39.346[main]com.ninjaalgo.utils.LoggerLoad1)-<=====Test For ArraysinPythonSuite is : PASSED
[INFO ]2023-11-2219:08:53.005[TestNG-PoolService-0]com.ninjaalgo.utils.LoggerLoad1)-<=====Test For dataparallelsce1 is : PASSED
[INFO ]2023-11-2219:08:58.022[TestNG-PoolService-1]com.ninjaalgo.utils.LoggerLoad1)-<=====Test For Try here>>>  is Passed. Output is: 564 is Number is Not Found
[INFO ]2023-11-2219:08:58.718[TestNG-PoolService-1]com.ninjaalgo.utils.LoggerLoad1)-<=====Test For arrayparallelsce1 is : PASSED
[INFO ]2023-11-2219:09:02.641[main]com.ninjaalgo.utils.LoggerLoad1)-<=====Test For For chrome browser is : PASSED
[INFO ]2023-11-2219:09:03.095[main]com.ninjaalgo.utils.LoggerLoad1)-<=====Test For Get Started is : PASSED
[INFO ]2023-11-2219:09:03.677[main]com.ninjaalgo.utils.LoggerLoad1)-<=====Test For Login Credentials is : PASSED
[INFO ]2023-11-2219:09:08.291[main]com.ninjaalgo.utils.LoggerLoad1)-<=====Test For Login Credentials is : PASSED
[INFO ]2023-11-2219:09:18.683[main]com.ninjaalgo.utils.LoggerLoad1)-<=====Test For Try here>>>  is Passed. Output is: 564 is Number is Not Found
[INFO ]2023-11-2219:09:19.710[main]com.ninjaalgo.utils.LoggerLoad1)-<=====Test For ArraysinPythonSuite is : PASSED
[INFO ]2023-11-2219:09:23.714[main]com.ninjaalgo.utils.LoggerLoad1)-<=====Test For For edge browser is : PASSED
[INFO ]2023-11-2219:09:24.186[main]com.ninjaalgo.utils.LoggerLoad1)-<=====Test For Get Started is : PASSED
[INFO ]2023-11-2219:09:24.812[main]com.ninjaalgo.utils.LoggerLoad1)-<=====Test For Login Credentials is : PASSED
[INFO ]2023-11-2219:09:29.401[main]com.ninjaalgo.utils.LoggerLoad1)-<=====Test For Login Credentials is : PASSED
[INFO ]2023-11-2219:09:40.264[main]com.ninjaalgo.utils.LoggerLoad1)-<=====Test For Try here>>>  is Passed. Output is: 564 is Number is Not Found
[INFO ]2023-11-2219:09:41.171[main]com.ninjaalgo.utils.LoggerLoad1)-<=====Test For ArraysinPythonSuite is : PASSED
[INFO ]2023-11-2219:27:30.593[main]com.ninjaalgo.utils.LoggerLoad1)-<=====Test For For chrome browser is : PASSED
[INFO ]2023-11-2219:27:31.177[main]com.ninjaalgo.utils.LoggerLoad1)-<=====Test For Get Started is : PASSED
[INFO ]2023-11-2219:27:31.962[main]com.ninjaalgo.utils.LoggerLoad1)-<=====Test For Login Credentials is : PASSED
[INFO ]2023-11-2219:27:36.601[main]com.ninjaalgo.utils.LoggerLoad1)-<=====Test For Login Credentials is : PASSED
[INFO ]2023-11-2219:27:38.723[main]com.ninjaalgo.utils.LoggerLoad1)-<=====Test For Introduction is : PASSED
[ERROR]2023-11-2219:27:38.724[main]com.ninjaalgo.utils.LoggerLoad1)-<=====Bug Reported on data structure question page. No questions found on the page. Test Case: Introduction is : PASSED
[INFO ]2023-11-2219:27:48.666[main]com.ninjaalgo.utils.LoggerLoad1)-<=====Test For Try here>>>  is Passed. Output is: 564 is Number is Not Found
[INFO ]2023-11-2219:27:48.946[main]com.ninjaalgo.utils.LoggerLoad1)-<=====Test For ArraysinPython is : PASSED
[INFO ]2023-11-2219:27:54.255[main]com.ninjaalgo.utils.LoggerLoad1)-<=====Test For Arrays-Using-List is : PASSED
[INFO ]2023-11-2219:27:55.020[main]com.ninjaalgo.utils.LoggerLoad1)-<=====Test For SignOut is : PASSED
[INFO ]2023-11-2219:27:59.121[main]com.ninjaalgo.utils.LoggerLoad1)-<=====Test For For chrome browser is : PASSED
[INFO ]2023-11-2219:27:59.577[main]com.ninjaalgo.utils.LoggerLoad1)-<=====Test For Get Started is : PASSED
[INFO ]2023-11-2219:28:00.298[main]com.ninjaalgo.utils.LoggerLoad1)-<=====Test For Login Credentials is : PASSED
[INFO ]2023-11-2219:28:04.974[main]com.ninjaalgo.utils.LoggerLoad1)-<=====Test For Login Credentials is : PASSED
[INFO ]2023-11-2219:28:15.824[main]com.ninjaalgo.utils.LoggerLoad1)-<=====Test For Try here>>>  is Passed. Output is: 564 is Number is Not Found
[INFO ]2023-11-2219:28:16.947[main]com.ninjaalgo.utils.LoggerLoad1)-<=====Test For ArraysinPythonSuite is : PASSED
[INFO ]2023-11-2219:28:21.406[main]com.ninjaalgo.utils.LoggerLoad1)-<=====Test For For edge browser is : PASSED
[INFO ]2023-11-2219:28:21.930[main]com.ninjaalgo.utils.LoggerLoad1)-<=====Test For Get Started is : PASSED
[INFO ]2023-11-2219:28:22.676[main]com.ninjaalgo.utils.LoggerLoad1)-<=====Test For Login Credentials is : PASSED
[INFO ]2023-11-2219:28:27.592[main]com.ninjaalgo.utils.LoggerLoad1)-<=====Test For Login Credentials is : PASSED
[INFO ]2023-11-2219:28:38.227[main]com.ninjaalgo.utils.LoggerLoad1)-<=====Test For Try here>>>  is Passed. Output is: 564 is Number is Not Found
[INFO ]2023-11-2219:28:39.207[main]com.ninjaalgo.utils.LoggerLoad1)-<=====Test For ArraysinPythonSuite is : PASSED
[INFO ]2023-11-2219:28:53.992[TestNG-PoolService-0]com.ninjaalgo.utils.LoggerLoad1)-<=====Test For dataparallelsce1 is : PASSED
[INFO ]2023-11-2219:28:59.091[TestNG-PoolService-1]com.ninjaalgo.utils.LoggerLoad1)-<=====Test For Try here>>>  is Passed. Output is: 564 is Number is Not Found
[INFO ]2023-11-2219:28:59.941[TestNG-PoolService-1]com.ninjaalgo.utils.LoggerLoad1)-<=====Test For arrayparallelsce1 is : PASSED
[INFO ]2023-11-2219:33:03.240[main]com.ninjaalgo.utils.LoggerLoad1)-<=====Test For For chrome browser is : PASSED
[INFO ]2023-11-2219:33:03.722[main]com.ninjaalgo.utils.LoggerLoad1)-<=====Test For Get Started is : PASSED
[INFO ]2023-11-2219:33:04.525[main]com.ninjaalgo.utils.LoggerLoad1)-<=====Test For Login Credentials is : PASSED
[INFO ]2023-11-2219:33:09.176[main]com.ninjaalgo.utils.LoggerLoad1)-<=====Test For Login Credentials is : PASSED
[INFO ]2023-11-2219:33:11.225[main]com.ninjaalgo.utils.LoggerLoad1)-<=====Test For Introduction is : PASSED
[ERROR]2023-11-2219:33:11.225[main]com.ninjaalgo.utils.LoggerLoad1)-<=====Bug Reported on data structure question page. No questions found on the page. Test Case: Introduction is : PASSED
[INFO ]2023-11-2219:33:20.472[main]com.ninjaalgo.utils.LoggerLoad1)-<=====Test For Try here>>>  is Passed. Output is: 564 is Number is Not Found
[INFO ]2023-11-2219:33:20.811[main]com.ninjaalgo.utils.LoggerLoad1)-<=====Test For ArraysinPython is : PASSED
[INFO ]2023-11-2219:33:25.791[main]com.ninjaalgo.utils.LoggerLoad1)-<=====Test For Arrays-Using-List is : PASSED
[INFO ]2023-11-2219:33:26.654[main]com.ninjaalgo.utils.LoggerLoad1)-<=====Test For SignOut is : PASSED
[INFO ]2023-11-2219:33:31.195[main]com.ninjaalgo.utils.LoggerLoad1)-<=====Test For For chrome browser is : PASSED
[INFO ]2023-11-2219:33:32.339[main]com.ninjaalgo.utils.LoggerLoad1)-<=====Test For Get Started is : PASSED
[INFO ]2023-11-2219:33:34.040[main]com.ninjaalgo.utils.LoggerLoad1)-<=====Test For Login Credentials is : PASSED
[INFO ]2023-11-2219:33:38.689[main]com.ninjaalgo.utils.LoggerLoad1)-<=====Test For Login Credentials is : PASSED
[INFO ]2023-11-2219:33:51.209[main]com.ninjaalgo.utils.LoggerLoad1)-<=====Test For Try here>>>  is Passed. Output is: 564 is Number is Not Found
[INFO ]2023-11-2219:33:52.493[main]com.ninjaalgo.utils.LoggerLoad1)-<=====Test For ArraysinPythonSuite is : PASSED
[INFO ]2023-11-2219:37:23.755[main]com.ninjaalgo.utils.LoggerLoad1)-<=====Test For For chrome browser is : PASSED
[INFO ]2023-11-2219:37:25.099[main]com.ninjaalgo.utils.LoggerLoad1)-<=====Test For Get Started is : PASSED
[INFO ]2023-11-2219:37:26.213[main]com.ninjaalgo.utils.LoggerLoad1)-<=====Test For Login Credentials is : PASSED
[INFO ]2023-11-2219:37:30.818[main]com.ninjaalgo.utils.LoggerLoad1)-<=====Test For Login Credentials is : PASSED
[INFO ]2023-11-2219:37:32.753[main]com.ninjaalgo.utils.LoggerLoad1)-<=====Test For Introduction is : PASSED
[ERROR]2023-11-2219:37:32.753[main]com.ninjaalgo.utils.LoggerLoad1)-<=====Bug Reported on data structure question page. No questions found on the page. Test Case: Introduction is : PASSED
[INFO ]2023-11-2219:37:42.533[main]com.ninjaalgo.utils.LoggerLoad1)-<=====Test For Try here>>>  is Passed. Output is: 564 is Number is Not Found
[INFO ]2023-11-2219:37:42.956[main]com.ninjaalgo.utils.LoggerLoad1)-<=====Test For ArraysinPython is : PASSED
[INFO ]2023-11-2219:37:47.781[main]com.ninjaalgo.utils.LoggerLoad1)-<=====Test For Arrays-Using-List is : PASSED
[INFO ]2023-11-2219:37:48.715[main]com.ninjaalgo.utils.LoggerLoad1)-<=====Test For SignOut is : PASSED
[INFO ]2023-11-2219:37:53.250[main]com.ninjaalgo.utils.LoggerLoad1)-<=====Test For For chrome browser is : PASSED
[INFO ]2023-11-2219:37:53.811[main]com.ninjaalgo.utils.LoggerLoad1)-<=====Test For Get Started is : PASSED
[INFO ]2023-11-2219:37:54.489[main]com.ninjaalgo.utils.LoggerLoad1)-<=====Test For Login Credentials is : PASSED
[INFO ]2023-11-2219:37:59.170[main]com.ninjaalgo.utils.LoggerLoad1)-<=====Test For Login Credentials is : PASSED
[INFO ]2023-11-2219:38:10.049[main]com.ninjaalgo.utils.LoggerLoad1)-<=====Test For Try here>>>  is Passed. Output is: 564 is Number is Not Found
[INFO ]2023-11-2219:38:11.564[main]com.ninjaalgo.utils.LoggerLoad1)-<=====Test For ArraysinPythonSuite is : PASSED
[INFO ]2023-11-2219:38:16.827[main]com.ninjaalgo.utils.LoggerLoad1)-<=====Test For For edge browser is : PASSED
[INFO ]2023-11-2219:38:17.309[main]com.ninjaalgo.utils.LoggerLoad1)-<=====Test For Get Started is : PASSED
[INFO ]2023-11-2219:38:18.037[main]com.ninjaalgo.utils.LoggerLoad1)-<=====Test For Login Credentials is : PASSED
[INFO ]2023-11-2219:38:22.828[main]com.ninjaalgo.utils.LoggerLoad1)-<=====Test For Login Credentials is : PASSED
[INFO ]2023-11-2219:38:34.701[main]com.ninjaalgo.utils.LoggerLoad1)-<=====Test For Try here>>>  is Passed. Output is: 564 is Number is Not Found
[INFO ]2023-11-2219:38:35.718[main]com.ninjaalgo.utils.LoggerLoad1)-<=====Test For ArraysinPythonSuite is : PASSED
[INFO ]2023-11-2219:38:54.776[TestNG-PoolService-0]com.ninjaalgo.utils.LoggerLoad1)-<=====Test For dataparallelsce1 is : PASSED
[INFO ]2023-11-2219:39:00.124[TestNG-PoolService-1]com.ninjaalgo.utils.LoggerLoad1)-<=====Test For Try here>>>  is Passed. Output is: 564 is Number is Not Found
[INFO ]2023-11-2219:39:00.909[TestNG-PoolService-1]com.ninjaalgo.utils.LoggerLoad1)-<=====Test For arrayparallelsce1 is : PASSED
[INFO ]2023-11-2219:43:33.450[main]com.ninjaalgo.utils.LoggerLoad1)-<=====Test For For chrome browser is : PASSED
[INFO ]2023-11-2219:43:33.971[main]com.ninjaalgo.utils.LoggerLoad1)-<=====Test For Get Started is : PASSED
[INFO ]2023-11-2219:43:34.737[main]com.ninjaalgo.utils.LoggerLoad1)-<=====Test For Login Credentials is : PASSED
[INFO ]2023-11-2219:43:39.320[main]com.ninjaalgo.utils.LoggerLoad1)-<=====Test For Login Credentials is : PASSED
[INFO ]2023-11-2219:43:41.053[main]com.ninjaalgo.utils.LoggerLoad1)-<=====Test For Introduction is : PASSED
[ERROR]2023-11-2219:43:41.054[main]com.ninjaalgo.utils.LoggerLoad1)-<=====Bug Reported on data structure question page. No questions found on the page. Test Case: Introduction is : PASSED
[INFO ]2023-11-2219:43:49.540[main]com.ninjaalgo.utils.LoggerLoad1)-<=====Test For Try here>>>  is Passed. Output is: 564 is Number is Not Found
[INFO ]2023-11-2219:43:50.071[main]com.ninjaalgo.utils.LoggerLoad1)-<=====Test For ArraysinPython is : PASSED
[INFO ]2023-11-2219:43:55.007[main]com.ninjaalgo.utils.LoggerLoad1)-<=====Test For Arrays-Using-List is : PASSED
[INFO ]2023-11-2219:43:55.830[main]com.ninjaalgo.utils.LoggerLoad1)-<=====Test For SignOut is : PASSED
[INFO ]2023-11-2219:43:59.910[main]com.ninjaalgo.utils.LoggerLoad1)-<=====Test For For chrome browser is : PASSED
[INFO ]2023-11-2219:44:00.347[main]com.ninjaalgo.utils.LoggerLoad1)-<=====Test For Get Started is : PASSED
[INFO ]2023-11-2219:44:01.127[main]com.ninjaalgo.utils.LoggerLoad1)-<=====Test For Login Credentials is : PASSED
[INFO ]2023-11-2219:44:05.875[main]com.ninjaalgo.utils.LoggerLoad1)-<=====Test For Login Credentials is : PASSED
[INFO ]2023-11-2219:44:16.441[main]com.ninjaalgo.utils.LoggerLoad1)-<=====Test For Try here>>>  is Passed. Output is: 564 is Number is Not Found
[INFO ]2023-11-2219:44:17.743[main]com.ninjaalgo.utils.LoggerLoad1)-<=====Test For ArraysinPythonSuite is : PASSED
[INFO ]2023-11-2219:44:22.269[main]com.ninjaalgo.utils.LoggerLoad1)-<=====Test For For edge browser is : PASSED
[INFO ]2023-11-2219:44:22.716[main]com.ninjaalgo.utils.LoggerLoad1)-<=====Test For Get Started is : PASSED
[INFO ]2023-11-2219:44:23.452[main]com.ninjaalgo.utils.LoggerLoad1)-<=====Test For Login Credentials is : PASSED
[INFO ]2023-11-2219:44:28.156[main]com.ninjaalgo.utils.LoggerLoad1)-<=====Test For Login Credentials is : PASSED
[INFO ]2023-11-2219:44:39.070[main]com.ninjaalgo.utils.LoggerLoad1)-<=====Test For Try here>>>  is Passed. Output is: 564 is Number is Not Found
[INFO ]2023-11-2219:44:40.162[main]com.ninjaalgo.utils.LoggerLoad1)-<=====Test For ArraysinPythonSuite is : PASSED
[INFO ]2023-11-2219:44:55.022[TestNG-PoolService-0]com.ninjaalgo.utils.LoggerLoad1)-<=====Test For dataparallelsce1 is : PASSED
[INFO ]2023-11-2219:45:00.000[TestNG-PoolService-1]com.ninjaalgo.utils.LoggerLoad1)-<=====Test For Try here>>>  is Passed. Output is: 564 is Number is Not Found
[INFO ]2023-11-2219:45:00.800[TestNG-PoolService-1]com.ninjaalgo.utils.LoggerLoad1)-<=====Test For arrayparallelsce1 is : PASSED
[INFO ]2023-11-2219:47:36.101[main]com.ninjaalgo.utils.LoggerLoad1)-<=====Test For For chrome browser is : PASSED
[INFO ]2023-11-2219:47:36.692[main]com.ninjaalgo.utils.LoggerLoad1)-<=====Test For Get Started is : PASSED
[INFO ]2023-11-2219:47:38.159[main]com.ninjaalgo.utils.LoggerLoad1)-<=====Test For Login Credentials is : PASSED
[INFO ]2023-11-2219:47:42.871[main]com.ninjaalgo.utils.LoggerLoad1)-<=====Test For Login Credentials is : PASSED
[INFO ]2023-11-2219:47:44.849[main]com.ninjaalgo.utils.LoggerLoad1)-<=====Test For Introduction is : PASSED
[ERROR]2023-11-2219:47:44.849[main]com.ninjaalgo.utils.LoggerLoad1)-<=====Bug Reported on data structure question page. No questions found on the page. Test Case: Introduction is : PASSED
[INFO ]2023-11-2219:47:53.516[main]com.ninjaalgo.utils.LoggerLoad1)-<=====Test For Try here>>>  is Passed. Output is: 564 is Number is Not Found
[INFO ]2023-11-2219:47:54.424[main]com.ninjaalgo.utils.LoggerLoad1)-<=====Test For ArraysinPython is : PASSED
[INFO ]2023-11-2219:47:59.288[main]com.ninjaalgo.utils.LoggerLoad1)-<=====Test For Arrays-Using-List is : PASSED
[INFO ]2023-11-2219:48:00.142[main]com.ninjaalgo.utils.LoggerLoad1)-<=====Test For SignOut is : PASSED
[INFO ]2023-11-2219:48:04.303[main]com.ninjaalgo.utils.LoggerLoad1)-<=====Test For For chrome browser is : PASSED
[INFO ]2023-11-2219:48:04.799[main]com.ninjaalgo.utils.LoggerLoad1)-<=====Test For Get Started is : PASSED
[INFO ]2023-11-2219:48:05.448[main]com.ninjaalgo.utils.LoggerLoad1)-<=====Test For Login Credentials is : PASSED
[INFO ]2023-11-2219:48:10.041[main]com.ninjaalgo.utils.LoggerLoad1)-<=====Test For Login Credentials is : PASSED
[INFO ]2023-11-2219:48:21.439[main]com.ninjaalgo.utils.LoggerLoad1)-<=====Test For Try here>>>  is Passed. Output is: 564 is Number is Not Found
[INFO ]2023-11-2219:48:23.451[main]com.ninjaalgo.utils.LoggerLoad1)-<=====Test For ArraysinPythonSuite is : PASSED
[INFO ]2023-11-2219:48:27.863[main]com.ninjaalgo.utils.LoggerLoad1)-<=====Test For For edge browser is : PASSED
[INFO ]2023-11-2219:48:28.437[main]com.ninjaalgo.utils.LoggerLoad1)-<=====Test For Get Started is : PASSED
[INFO ]2023-11-2219:48:29.233[main]com.ninjaalgo.utils.LoggerLoad1)-<=====Test For Login Credentials is : PASSED
[INFO ]2023-11-2219:48:34.151[main]com.ninjaalgo.utils.LoggerLoad1)-<=====Test For Login Credentials is : PASSED
[INFO ]2023-11-2219:48:45.018[main]com.ninjaalgo.utils.LoggerLoad1)-<=====Test For Try here>>>  is Passed. Output is: 564 is Number is Not Found
[INFO ]2023-11-2219:48:45.973[main]com.ninjaalgo.utils.LoggerLoad1)-<=====Test For ArraysinPythonSuite is : PASSED
[INFO ]2023-11-2219:49:00.257[TestNG-PoolService-0]com.ninjaalgo.utils.LoggerLoad1)-<=====Test For dataparallelsce1 is : PASSED
[INFO ]2023-11-2219:49:05.461[TestNG-PoolService-1]com.ninjaalgo.utils.LoggerLoad1)-<=====Test For Try here>>>  is Passed. Output is: 564 is Number is Not Found
[INFO ]2023-11-2219:49:06.355[TestNG-PoolService-1]com.ninjaalgo.utils.LoggerLoad1)-<=====Test For arrayparallelsce1 is : PASSED
[INFO ]2023-11-2219:51:46.227[main]com.ninjaalgo.utils.LoggerLoad1)-<=====Test For For chrome browser is : PASSED
[INFO ]2023-11-2219:51:46.938[main]com.ninjaalgo.utils.LoggerLoad1)-<=====Test For Get Started is : PASSED
[INFO ]2023-11-2219:51:47.786[main]com.ninjaalgo.utils.LoggerLoad1)-<=====Test For Login Credentials is : PASSED
[INFO ]2023-11-2219:51:52.471[main]com.ninjaalgo.utils.LoggerLoad1)-<=====Test For Login Credentials is : PASSED
[INFO ]2023-11-2219:51:54.411[main]com.ninjaalgo.utils.LoggerLoad1)-<=====Test For Introduction is : PASSED
[ERROR]2023-11-2219:51:54.411[main]com.ninjaalgo.utils.LoggerLoad1)-<=====Bug Reported on data structure question page. No questions found on the page. Test Case: Introduction is : PASSED
[INFO ]2023-11-2219:52:03.369[main]com.ninjaalgo.utils.LoggerLoad1)-<=====Test For Try here>>>  is Passed. Output is: 564 is Number is Not Found
[INFO ]2023-11-2219:52:03.690[main]com.ninjaalgo.utils.LoggerLoad1)-<=====Test For ArraysinPython is : PASSED
[INFO ]2023-11-2219:52:08.709[main]com.ninjaalgo.utils.LoggerLoad1)-<=====Test For Arrays-Using-List is : PASSED
[INFO ]2023-11-2219:52:09.714[main]com.ninjaalgo.utils.LoggerLoad1)-<=====Test For SignOut is : PASSED
[INFO ]2023-11-2219:52:13.889[main]com.ninjaalgo.utils.LoggerLoad1)-<=====Test For For chrome browser is : PASSED
[INFO ]2023-11-2219:52:14.401[main]com.ninjaalgo.utils.LoggerLoad1)-<=====Test For Get Started is : PASSED
[INFO ]2023-11-2219:52:15.214[main]com.ninjaalgo.utils.LoggerLoad1)-<=====Test For Login Credentials is : PASSED
[INFO ]2023-11-2219:52:19.926[main]com.ninjaalgo.utils.LoggerLoad1)-<=====Test For Login Credentials is : PASSED
[INFO ]2023-11-2219:52:30.797[main]com.ninjaalgo.utils.LoggerLoad1)-<=====Test For Try here>>>  is Passed. Output is: 564 is Number is Not Found
[INFO ]2023-11-2219:52:32.064[main]com.ninjaalgo.utils.LoggerLoad1)-<=====Test For ArraysinPythonSuite is : PASSED
[INFO ]2023-11-2219:52:36.601[main]com.ninjaalgo.utils.LoggerLoad1)-<=====Test For For edge browser is : PASSED
[INFO ]2023-11-2219:52:37.039[main]com.ninjaalgo.utils.LoggerLoad1)-<=====Test For Get Started is : PASSED
[INFO ]2023-11-2219:52:37.767[main]com.ninjaalgo.utils.LoggerLoad1)-<=====Test For Login Credentials is : PASSED
[INFO ]2023-11-2219:52:42.467[main]com.ninjaalgo.utils.LoggerLoad1)-<=====Test For Login Credentials is : PASSED
[INFO ]2023-11-2219:52:53.332[main]com.ninjaalgo.utils.LoggerLoad1)-<=====Test For Try here>>>  is Passed. Output is: 564 is Number is Not Found
[INFO ]2023-11-2219:52:54.339[main]com.ninjaalgo.utils.LoggerLoad1)-<=====Test For ArraysinPythonSuite is : PASSED
[INFO ]2023-11-2219:53:08.583[TestNG-PoolService-0]com.ninjaalgo.utils.LoggerLoad1)-<=====Test For dataparallelsce1 is : PASSED
[INFO ]2023-11-2219:53:13.573[TestNG-PoolService-1]com.ninjaalgo.utils.LoggerLoad1)-<=====Test For Try here>>>  is Passed. Output is: 564 is Number is Not Found
[INFO ]2023-11-2219:53:14.364[TestNG-PoolService-1]com.ninjaalgo.utils.LoggerLoad1)-<=====Test For arrayparallelsce1 is : PASSED
[INFO ]2023-11-2219:53:37.226[main]com.ninjaalgo.utils.LoggerLoad1)-<=====Test For Try here>>>  is Passed. Output is: SyntaxError: bad input on line 2
[INFO ]2023-11-2219:59:22.806[main]com.ninjaalgo.utils.LoggerLoad1)-<=====Test For For chrome browser is : PASSED
[INFO ]2023-11-2219:59:23.383[main]com.ninjaalgo.utils.LoggerLoad1)-<=====Test For Get Started is : PASSED
[INFO ]2023-11-2219:59:24.756[main]com.ninjaalgo.utils.LoggerLoad1)-<=====Test For Login Credentials is : PASSED
[INFO ]2023-11-2219:59:29.505[main]com.ninjaalgo.utils.LoggerLoad1)-<=====Test For Login Credentials is : PASSED
[INFO ]2023-11-2219:59:31.859[main]com.ninjaalgo.utils.LoggerLoad1)-<=====Test For Introduction is : PASSED
[ERROR]2023-11-2219:59:31.859[main]com.ninjaalgo.utils.LoggerLoad1)-<=====Bug Reported on data structure question page. No questions found on the page. Test Case: Introduction is : PASSED
[INFO ]2023-11-2219:59:42.772[main]com.ninjaalgo.utils.LoggerLoad1)-<=====Test For Try here>>>  is Passed. Output is: 564 is Number is Not Found
[INFO ]2023-11-2219:59:43.611[main]com.ninjaalgo.utils.LoggerLoad1)-<=====Test For ArraysinPython is : PASSED
[INFO ]2023-11-2219:59:48.570[main]com.ninjaalgo.utils.LoggerLoad1)-<=====Test For Arrays-Using-List is : PASSED
[INFO ]2023-11-2219:59:49.601[main]com.ninjaalgo.utils.LoggerLoad1)-<=====Test For SignOut is : PASSED
[INFO ]2023-11-2219:59:54.075[main]com.ninjaalgo.utils.LoggerLoad1)-<=====Test For For chrome browser is : PASSED
[INFO ]2023-11-2219:59:54.574[main]com.ninjaalgo.utils.LoggerLoad1)-<=====Test For Get Started is : PASSED
[INFO ]2023-11-2219:59:55.428[main]com.ninjaalgo.utils.LoggerLoad1)-<=====Test For Login Credentials is : PASSED
[INFO ]2023-11-2220:00:00.186[main]com.ninjaalgo.utils.LoggerLoad1)-<=====Test For Login Credentials is : PASSED
[INFO ]2023-11-2220:00:12.482[main]com.ninjaalgo.utils.LoggerLoad1)-<=====Test For Try here>>>  is Passed. Output is: 564 is Number is Not Found
[INFO ]2023-11-2220:00:13.489[main]com.ninjaalgo.utils.LoggerLoad1)-<=====Test For ArraysinPythonSuite is : PASSED
[INFO ]2023-11-2220:00:18.436[main]com.ninjaalgo.utils.LoggerLoad1)-<=====Test For For edge browser is : PASSED
[INFO ]2023-11-2220:00:19.028[main]com.ninjaalgo.utils.LoggerLoad1)-<=====Test For Get Started is : PASSED
[INFO ]2023-11-2220:00:19.778[main]com.ninjaalgo.utils.LoggerLoad1)-<=====Test For Login Credentials is : PASSED
[INFO ]2023-11-2220:00:24.789[main]com.ninjaalgo.utils.LoggerLoad1)-<=====Test For Login Credentials is : PASSED
[INFO ]2023-11-2220:00:36.230[main]com.ninjaalgo.utils.LoggerLoad1)-<=====Test For Try here>>>  is Passed. Output is: 564 is Number is Not Found
[INFO ]2023-11-2220:00:37.267[main]com.ninjaalgo.utils.LoggerLoad1)-<=====Test For ArraysinPythonSuite is : PASSED
[INFO ]2023-11-2220:00:50.934[TestNG-PoolService-0]com.ninjaalgo.utils.LoggerLoad1)-<=====Test For dataparallelsce1 is : PASSED
[INFO ]2023-11-2220:00:56.614[TestNG-PoolService-1]com.ninjaalgo.utils.LoggerLoad1)-<=====Test For Try here>>>  is Passed. Output is: 564 is Number is Not Found
[INFO ]2023-11-2220:00:57.819[TestNG-PoolService-1]com.ninjaalgo.utils.LoggerLoad1)-<=====Test For arrayparallelsce1 is : PASSED
[INFO ]2023-11-2220:01:24.708[main]com.ninjaalgo.utils.LoggerLoad1)-<=====Test For Try here>>>  is Passed. Output is: SyntaxError: bad input on line 2
[INFO ]2023-11-2220:01:39.783[TestNG-test=Test Data-1]com.ninjaalgo.utils.LoggerLoad1)-<=====Test For DataClass is : PASSED
[INFO ]2023-11-2220:01:44.876[TestNG-test=Test Data-2]com.ninjaalgo.utils.LoggerLoad1)-<=====Test For Try here>>>  is Passed. Output is: 564 is Number is Not Found
[INFO ]2023-11-2220:01:45.673[TestNG-test=Test Data-2]com.ninjaalgo.utils.LoggerLoad1)-<=====Test For ArrayClass is : PASSED
[INFO ]2023-11-2220:20:26.904[main]com.ninjaalgo.utils.LoggerLoad1)-<=====Test For For chrome browser is : PASSED
[INFO ]2023-11-2220:20:27.483[main]com.ninjaalgo.utils.LoggerLoad1)-<=====Test For Get Started is : PASSED
[INFO ]2023-11-2220:20:28.753[main]com.ninjaalgo.utils.LoggerLoad1)-<=====Test For Login Credentials is : PASSED
[INFO ]2023-11-2220:20:33.598[main]com.ninjaalgo.utils.LoggerLoad1)-<=====Test For Login Credentials is : PASSED
[INFO ]2023-11-2220:20:35.574[main]com.ninjaalgo.utils.LoggerLoad1)-<=====Test For Introduction is : PASSED
[ERROR]2023-11-2220:20:35.575[main]com.ninjaalgo.utils.LoggerLoad1)-<=====Bug Reported on data structure question page. No questions found on the page. Test Case: Introduction is : PASSED
[INFO ]2023-11-2220:20:45.319[main]com.ninjaalgo.utils.LoggerLoad1)-<=====Test For Try here>>>  is Passed. Output is: 564 is Number is Not Found
[INFO ]2023-11-2220:20:45.771[main]com.ninjaalgo.utils.LoggerLoad1)-<=====Test For ArraysinPython is : PASSED
[INFO ]2023-11-2220:20:50.728[main]com.ninjaalgo.utils.LoggerLoad1)-<=====Test For Arrays-Using-List is : PASSED
[INFO ]2023-11-2220:20:51.607[main]com.ninjaalgo.utils.LoggerLoad1)-<=====Test For SignOut is : PASSED
[INFO ]2023-11-2220:20:56.332[main]com.ninjaalgo.utils.LoggerLoad1)-<=====Test For For chrome browser is : PASSED
[INFO ]2023-11-2220:20:56.807[main]com.ninjaalgo.utils.LoggerLoad1)-<=====Test For Get Started is : PASSED
[INFO ]2023-11-2220:20:57.672[main]com.ninjaalgo.utils.LoggerLoad1)-<=====Test For Login Credentials is : PASSED
[INFO ]2023-11-2220:21:02.522[main]com.ninjaalgo.utils.LoggerLoad1)-<=====Test For Login Credentials is : PASSED
[INFO ]2023-11-2220:21:13.756[main]com.ninjaalgo.utils.LoggerLoad1)-<=====Test For Try here>>>  is Passed. Output is: 564 is Number is Not Found
[INFO ]2023-11-2220:21:14.829[main]com.ninjaalgo.utils.LoggerLoad1)-<=====Test For ArraysinPythonSuite is : PASSED
[INFO ]2023-11-2220:21:19.909[main]com.ninjaalgo.utils.LoggerLoad1)-<=====Test For For edge browser is : PASSED
[INFO ]2023-11-2220:21:20.426[main]com.ninjaalgo.utils.LoggerLoad1)-<=====Test For Get Started is : PASSED
[INFO ]2023-11-2220:21:21.432[main]com.ninjaalgo.utils.LoggerLoad1)-<=====Test For Login Credentials is : PASSED
[INFO ]2023-11-2220:21:26.380[main]com.ninjaalgo.utils.LoggerLoad1)-<=====Test For Login Credentials is : PASSED
[INFO ]2023-11-2220:21:37.701[main]com.ninjaalgo.utils.LoggerLoad1)-<=====Test For Try here>>>  is Passed. Output is: 564 is Number is Not Found
[INFO ]2023-11-2220:21:38.864[main]com.ninjaalgo.utils.LoggerLoad1)-<=====Test For ArraysinPythonSuite is : PASSED
[INFO ]2023-11-2220:21:53.412[TestNG-PoolService-0]com.ninjaalgo.utils.LoggerLoad1)-<=====Test For dataparallelsce1 is : PASSED
[INFO ]2023-11-2220:21:58.974[TestNG-PoolService-1]com.ninjaalgo.utils.LoggerLoad1)-<=====Test For Try here>>>  is Passed. Output is: 564 is Number is Not Found
[INFO ]2023-11-2220:22:00.288[TestNG-PoolService-1]com.ninjaalgo.utils.LoggerLoad1)-<=====Test For arrayparallelsce1 is : PASSED
[INFO ]2023-11-2220:22:26.450[main]com.ninjaalgo.utils.LoggerLoad1)-<=====Test For Try here>>>  is Passed. Output is: SyntaxError: bad input on line 2
[INFO ]2023-11-2220:22:34.704[TestNG-test=Test Data-1]com.ninjaalgo.utils.LoggerLoad1)-<=====Test For DataClass is : FAILED
[INFO ]2023-11-2220:22:46.572[TestNG-test=Test Data-2]com.ninjaalgo.utils.LoggerLoad1)-<=====Test For Try here>>>  is Passed. Output is: 564 is Number is Not Found
[INFO ]2023-11-2220:22:47.479[TestNG-test=Test Data-2]com.ninjaalgo.utils.LoggerLoad1)-<=====Test For ArrayClass is : PASSED
